<?xml version="1.0" encoding="utf-8"?><testsuites name="pytest tests"><testsuite name="pytest" errors="0" failures="0" skipped="0" tests="5" time="2.552" timestamp="2026-08-12T23:16:41.952703+00:00" hostname="agent-env-964e2b9e-8a1d-40af-ac14-f6333bee2d49"><testcase classname="tests.test_bulk_import" name="test_template_requires_auth" time="0.252" /><testcase classname="tests.test_bulk_import" name="test_template_download_xlsx" time="0.530" /><testcase classname="tests.test_bulk_import" name="test_bulk_import_non_excel_rejected" time="0.153" /><testcase classname="tests.test_bulk_import" name="test_bulk_import_created_skipped_errors" time="0.583" /><testcase classname="tests.test_bulk_import" name="test_seed_data_intact_after_cleanup" time="0.128" /></testsuite></testsuites>