<?xml version="1.0" encoding="utf-8"?><testsuites name="pytest tests"><testsuite name="pytest" errors="0" failures="0" skipped="0" tests="13" time="3.693" timestamp="2026-08-12T22:09:58.587365+00:00" hostname="agent-env-964e2b9e-8a1d-40af-ac14-f6333bee2d49"><testcase classname="tests.backend_test" name="test_login_wrong_password" time="0.452" /><testcase classname="tests.backend_test" name="test_auth_me" time="0.507" /><testcase classname="tests.backend_test" name="test_admin_route_requires_auth" time="0.145" /><testcase classname="tests.backend_test" name="test_list_ipads_contains_test" time="0.269" /><testcase classname="tests.backend_test" name="test_duplicate_serial_rejected" time="0.116" /><testcase classname="tests.backend_test" name="test_codes_listed" time="0.251" /><testcase classname="tests.backend_test" name="test_validate_invalid_code" time="0.143" /><testcase classname="tests.backend_test" name="test_validate_and_submit_pakta" time="0.657" /><testcase classname="tests.backend_test" name="test_submit_without_signature" time="0.101" /><testcase classname="tests.backend_test" name="test_lungsuran_trace_seeded" time="0.105" /><testcase classname="tests.backend_test" name="test_public_stats" time="0.096" /><testcase classname="tests.backend_test" name="test_public_ipads" time="0.095" /><testcase classname="tests.backend_test" name="test_delete_active_code" time="0.250" /></testsuite></testsuites>